<?xml version="1.0" encoding="utf-8"?><testsuites><testsuite errors="0" failures="0" hostname="cloud-n8n5gmrn.hosteur.net" name="pytest" skipped="0" tests="6" time="28.829" timestamp="2021-06-04T00:27:56.426907"><testcase classname="tests.tu.spot_tests.TestSpot" file="tests/tu/spot_tests.py" line="29" name="test_bnb_out" time="1.069"></testcase><testcase classname="tests.tu.spot_tests.TestSpot" file="tests/tu/spot_tests.py" line="25" name="test_btc_out" time="1.107"></testcase><testcase classname="tests.tu.spot_tests.TestSpot" file="tests/tu/spot_tests.py" line="21" name="test_eth_out" time="1.146"></testcase><testcase classname="tests.tu.spot_tests.TestSpot" file="tests/tu/spot_tests.py" line="82" name="test_long_bnb" time="8.508"></testcase><testcase classname="tests.tu.spot_tests.TestSpot" file="tests/tu/spot_tests.py" line="34" name="test_long_btc" time="8.337"></testcase><testcase classname="tests.tu.spot_tests.TestSpot" file="tests/tu/spot_tests.py" line="58" name="test_long_eth" time="8.203"></testcase></testsuite></testsuites>